<?xml version="1.0" encoding="UTF-8"?>
<!-- Generated by org.testng.reporters.JUnitReportReporter -->
<testsuite name="apiAutomation.search_Tweet" tests="1" time="3.526" ignored="0" failures="0" timestamp="11 Oct 2019 09:06:48 GMT" skipped="0" hostname="CBT-MH-000" errors="0">
  <testcase name="searchTweet" time="3.526" classname="apiAutomation.search_Tweet"/>
</testsuite> <!-- apiAutomation.search_Tweet -->
