<?xml version="1.0" encoding="UTF-8"?>
<!-- Generated by org.testng.reporters.JUnitReportReporter -->
<testsuite name="apiAutomation.post_tweet" tests="1" time="4.302" ignored="0" failures="0" timestamp="10 Oct 2019 12:02:38 GMT" skipped="0" hostname="CBT-MH-000" errors="0">
  <testcase name="creatTweet" time="4.302" classname="apiAutomation.post_tweet"/>
</testsuite> <!-- apiAutomation.post_tweet -->
