<?xml version="1.0" encoding="UTF-8"?>
<!-- Generated by org.testng.reporters.JUnitReportReporter -->
<testsuite name="apiAutomation.Twitter" tests="1" time="7.953" ignored="0" failures="0" timestamp="10 Oct 2019 10:05:54 GMT" skipped="0" hostname="CBT-MH-000" errors="0">
  <testcase name="getTweet" time="7.953" classname="apiAutomation.Twitter"/>
</testsuite> <!-- apiAutomation.Twitter -->
