<?xml version="1.0" encoding="UTF-8"?>
<!-- Generated by org.testng.reporters.JUnitReportReporter -->
<testsuite name="apiAutomation.hashtag" tests="1" time="8.549" ignored="0" failures="0" timestamp="16 Oct 2019 11:22:55 GMT" skipped="0" hostname="CBT-MH-000" errors="0">
  <testcase name="hash" time="8.549" classname="apiAutomation.hashtag"/>
</testsuite> <!-- apiAutomation.hashtag -->
