<?xml version="1.0" encoding="UTF-8"?>
<!-- Generated by org.testng.reporters.JUnitReportReporter -->
<testsuite name="apiAutomation.retweet" tests="1" time="4.264" ignored="0" failures="0" timestamp="11 Oct 2019 09:02:55 GMT" skipped="0" hostname="CBT-MH-000" errors="0">
  <testcase name="tweet" time="4.264" classname="apiAutomation.retweet"/>
</testsuite> <!-- apiAutomation.retweet -->
